ALR : CTL : OBST : [98, 126, 239, 2, 52, 0, 0, 0]
ALR : CTL : OBST : [98, 126, 239, 2, 52, 0, 0, 0]
ALR : CTL : OBST : [98, 126, 239, 2, 52, 0, 0, 0]
ALR : CTL : OBST : [98, 126, 239, 2, 52, 0, 0, 0]
ALR : CTL : OBST : [102, 100, 213, 2, 48, 0, 0, 0]
ALR : CTL : OBST : [102, 100, 213, 2, 48, 0, 0, 0]
ALR : CTL : OBST : [102, 100, 213, 2, 48, 0, 0, 0]
ALR : CTL : OVF : [189, 101, 3825, 4046, 0, 0, 0, 0]
ALR : CTL : OBST : [102, 100, 195, 2, 48, 0, 0, 0]
ALR : CTL : OBST : [102, 100, 195, 2, 48, 0, 0, 0]
ALR : CTL : OBST : [102, 100, 195, 2, 48, 0, 0, 0]
ALR : CTL : OBST : [102, 100, 195, 2, 48, 0, 0, 0]
ALR : CTL : OBST : [102, 100, 195, 2, 48, 0, 0, 0]
ALR : CTL : OBST : [102, 100, 195, 2, 48, 0, 0, 0]
ALR : CTL : OBST : [102, 100, 195, 2, 48, 0, 0, 0]
ALR : CTL : OBST : [102, 100, 195, 2, 48, 0, 0, 0]
ALR : CTL : OBST : [102, 100, 195, 2, 48, 0, 0, 0]
ALR : CTL : OBST : [102, 100, 180, 2, 48, 0, 0, 0]
ALR : CTL : OBST : [102, 100, 180, 2, 48, 0, 0, 0]
ALR : CTL : OBST : [102, 100, 180, 2, 48, 0, 0, 0]
ALR : CTL : OBST : [102, 100, 180, 2, 48, 0, 0, 0]
ALR : CTL : OBST : [102, 100, 180, 2, 48, 0, 0, 0]
ALR : CTL : OBST : [98, 196, 276, 2, 52, 0, 0, 0]
ALR : CTL : OBST : [98, 196, 276, 2, 52, 0, 0, 0]
ALR : CTL : OBST : [98, 196, 276, 2, 52, 0, 0, 0]
ALR : CTL : OBST : [98, 196, 276, 2, 52, 0, 0, 0]
ALR : CTL : OBST : [0, 0, 0, 2, 0, 0, 0, 0]
ALR : CTL : OBST : OSTOP
